10:20:14:148  INFO 7820 --- [main] com.hmall.pay.PayApplication             : Starting PayApplication using Java 11.0.5 on DESKTOP-DU835P0 with PID 7820 (D:\JavaProject\hmall\pay-service\target\classes started by ASUS in D:\JavaProject\hmall)
10:20:14:152 DEBUG 7820 --- [main] com.hmall.pay.PayApplication             : Running with Spring Boot v2.7.12, Spring v5.3.27
10:20:14:153  INFO 7820 --- [main] com.hmall.pay.PayApplication             : The following 1 profile is active: "local"
10:20:15:033  INFO 7820 --- [main] o.s.cloud.context.scope.GenericScope     : BeanFactory id=01d8b01a-9dca-395a-8a21-45a8fef661c6
10:20:15:291  INFO 7820 --- [main] o.s.b.w.embedded.tomcat.TomcatWebServer  : Tomcat initialized with port(s): 8086 (http)
10:20:15:292  INFO 7820 --- [main] o.a.catalina.core.AprLifecycleListener   : Loaded Apache Tomcat Native library [1.2.39] using APR version [1.7.4].
10:20:15:293  INFO 7820 --- [main] o.a.catalina.core.AprLifecycleListener   : APR capabilities: IPv6 [true], sendfile [true], accept filters [false], random [true], UDS [true].
10:20:15:293  INFO 7820 --- [main] o.a.catalina.core.AprLifecycleListener   : APR/OpenSSL configuration: useAprConnector [false], useOpenSSL [true]
10:20:15:299  INFO 7820 --- [main] o.a.catalina.core.AprLifecycleListener   : OpenSSL successfully initialized [OpenSSL 3.0.11 19 Sep 2023]
10:20:15:305  INFO 7820 --- [main] o.apache.catalina.core.StandardService   : Starting service [Tomcat]
10:20:15:305  INFO 7820 --- [main] org.apache.catalina.core.StandardEngine  : Starting Servlet engine: [Apache Tomcat/9.0.75]
10:20:15:669  INFO 7820 --- [main] o.a.c.c.C.[Tomcat].[localhost].[/]       : Initializing Spring embedded WebApplicationContext
10:20:15:669  INFO 7820 --- [main] w.s.c.ServletWebServerApplicationContext : Root WebApplicationContext: initialization completed in 1484 ms
10:20:15:832  INFO 7820 --- [main] o.s.c.openfeign.FeignClientFactoryBean   : For 'user-service' URL not provided. Will try picking an instance via load-balancing.
10:20:15:884  INFO 7820 --- [main] o.s.c.openfeign.FeignClientFactoryBean   : For 'trade-service' URL not provided. Will try picking an instance via load-balancing.
10:20:26:383  INFO 7820 --- [main] o.s.cloud.commons.util.InetUtils         : Cannot determine local hostname
10:20:26:410  INFO 7820 --- [main] pertySourcedRequestMappingHandlerMapping : Mapped URL path [/v2/api-docs] onto method [springfox.documentation.swagger2.web.Swagger2ControllerWebMvc#getDocumentation(String, HttpServletRequest)]
10:20:30:569  INFO 7820 --- [main] o.s.cloud.commons.util.InetUtils         : Cannot determine local hostname
10:20:30:670  INFO 7820 --- [main] com.alibaba.nacos.common.remote.client   : [RpcClientFactory] create a new rpc client of 1dcf547b-f735-4174-b08b-5e8718458ba5
10:20:30:694  INFO 7820 --- [main] org.reflections.Reflections              : Reflections took 13 ms to scan 1 urls, producing 3 keys and 6 values 
10:20:30:715  INFO 7820 --- [main] org.reflections.Reflections              : Reflections took 10 ms to scan 1 urls, producing 4 keys and 9 values 
10:20:30:723  INFO 7820 --- [main] org.reflections.Reflections              : Reflections took 6 ms to scan 1 urls, producing 3 keys and 10 values 
10:20:30:725  WARN 7820 --- [main] org.reflections.Reflections              : given scan urls are empty. set urls in the configuration
10:20:30:732  INFO 7820 --- [main] org.reflections.Reflections              : Reflections took 6 ms to scan 1 urls, producing 1 keys and 5 values 
10:20:30:740  INFO 7820 --- [main] org.reflections.Reflections              : Reflections took 6 ms to scan 1 urls, producing 1 keys and 7 values 
10:20:30:746  INFO 7820 --- [main] org.reflections.Reflections              : Reflections took 4 ms to scan 1 urls, producing 2 keys and 8 values 
10:20:30:748  WARN 7820 --- [main] org.reflections.Reflections              : given scan urls are empty. set urls in the configuration
10:20:30:748  INFO 7820 --- [main] com.alibaba.nacos.common.remote.client   : [1dcf547b-f735-4174-b08b-5e8718458ba5] RpcClient init label, labels = {module=naming, source=sdk}
10:20:30:749  INFO 7820 --- [main] com.alibaba.nacos.common.remote.client   : [1dcf547b-f735-4174-b08b-5e8718458ba5] RpcClient init, ServerListFactory = com.alibaba.nacos.client.naming.core.ServerListManager
10:20:30:750  INFO 7820 --- [main] com.alibaba.nacos.common.remote.client   : [1dcf547b-f735-4174-b08b-5e8718458ba5] Registry connection listener to current client:com.alibaba.nacos.client.naming.remote.gprc.redo.NamingGrpcRedoService
10:20:30:750  INFO 7820 --- [main] com.alibaba.nacos.common.remote.client   : [1dcf547b-f735-4174-b08b-5e8718458ba5] Register server push request handler:com.alibaba.nacos.client.naming.remote.gprc.NamingPushRequestHandler
10:20:30:751  INFO 7820 --- [main] com.alibaba.nacos.common.remote.client   : [1dcf547b-f735-4174-b08b-5e8718458ba5] Try to connect to server on start up, server: {serverIp = '192.168.88.114', server main port = 8848}
10:20:36:167  INFO 7820 --- [main] com.alibaba.nacos.common.remote.client   : [1dcf547b-f735-4174-b08b-5e8718458ba5] Success to connect to server [192.168.88.114:8848] on start up, connectionId = 1756606831955_172.17.0.1_35480
10:20:36:168  INFO 7820 --- [main] com.alibaba.nacos.common.remote.client   : [1dcf547b-f735-4174-b08b-5e8718458ba5] Register server push request handler:com.alibaba.nacos.common.remote.client.RpcClient$ConnectResetRequestHandler
10:20:36:168  INFO 7820 --- [com.alibaba.nacos.client.remote.worker] com.alibaba.nacos.common.remote.client   : [1dcf547b-f735-4174-b08b-5e8718458ba5] Notify connected event to listeners.
10:20:36:169  INFO 7820 --- [main] com.alibaba.nacos.common.remote.client   : [1dcf547b-f735-4174-b08b-5e8718458ba5] Register server push request handler:com.alibaba.nacos.common.remote.client.RpcClient$$Lambda$978/0x0000000840674040
10:20:36:216  INFO 7820 --- [main] o.s.b.w.embedded.tomcat.TomcatWebServer  : Tomcat started on port(s): 8086 (http) with context path ''
10:20:36:235  INFO 7820 --- [main] c.a.c.n.registry.NacosServiceRegistry    : nacos registry, DEFAULT_GROUP pay-service 192.168.88.1:8086 register finished
10:20:36:785  INFO 7820 --- [nacos-grpc-client-executor-8] com.alibaba.nacos.common.remote.client   : [1dcf547b-f735-4174-b08b-5e8718458ba5] Receive server push request, request = NotifySubscriberRequest, requestId = 7
10:20:36:793  INFO 7820 --- [nacos-grpc-client-executor-8] com.alibaba.nacos.common.remote.client   : [1dcf547b-f735-4174-b08b-5e8718458ba5] Ack server push request, request = NotifySubscriberRequest, requestId = 7
10:20:39:546  INFO 7820 --- [main] o.s.cloud.commons.util.InetUtils         : Cannot determine local hostname
10:20:39:547  INFO 7820 --- [main] d.s.w.p.DocumentationPluginsBootstrapper : Documentation plugins bootstrapped
10:20:39:550  INFO 7820 --- [main] d.s.w.p.DocumentationPluginsBootstrapper : Found 1 custom documentation plugin(s)
10:20:39:565  INFO 7820 --- [main] s.d.s.w.s.ApiListingReferenceScanner     : Scanning for api listing references
10:20:39:619  INFO 7820 --- [main] com.hmall.pay.PayApplication             : Started PayApplication in 31.061 seconds (JVM running for 32.797)
