13:25:53:446  INFO 1232 --- [main] com.hmall.trade.TradeApplication         : Starting TradeApplication using Java 11.0.5 on DESKTOP-DU835P0 with PID 1232 (D:\JavaProject\hmall\trade-service\target\classes started by ASUS in D:\JavaProject\hmall)
13:25:53:449 DEBUG 1232 --- [main] com.hmall.trade.TradeApplication         : Running with Spring Boot v2.7.12, Spring v5.3.27
13:25:53:450  INFO 1232 --- [main] com.hmall.trade.TradeApplication         : The following 1 profile is active: "local"
13:25:53:991  INFO 1232 --- [main] o.s.cloud.context.scope.GenericScope     : BeanFactory id=33f68efe-c945-3cfa-bcee-e311426855ca
13:25:54:155  INFO 1232 --- [main] o.s.b.w.embedded.tomcat.TomcatWebServer  : Tomcat initialized with port(s): 8085 (http)
13:25:54:157  INFO 1232 --- [main] o.a.catalina.core.AprLifecycleListener   : Loaded Apache Tomcat Native library [1.2.39] using APR version [1.7.4].
13:25:54:158  INFO 1232 --- [main] o.a.catalina.core.AprLifecycleListener   : APR capabilities: IPv6 [true], sendfile [true], accept filters [false], random [true], UDS [true].
13:25:54:158  INFO 1232 --- [main] o.a.catalina.core.AprLifecycleListener   : APR/OpenSSL configuration: useAprConnector [false], useOpenSSL [true]
13:25:54:160  INFO 1232 --- [main] o.a.catalina.core.AprLifecycleListener   : OpenSSL successfully initialized [OpenSSL 3.0.11 19 Sep 2023]
13:25:54:167  INFO 1232 --- [main] o.apache.catalina.core.StandardService   : Starting service [Tomcat]
13:25:54:167  INFO 1232 --- [main] org.apache.catalina.core.StandardEngine  : Starting Servlet engine: [Apache Tomcat/9.0.75]
13:25:54:429  INFO 1232 --- [main] o.a.c.c.C.[Tomcat].[localhost].[/]       : Initializing Spring embedded WebApplicationContext
13:25:54:429  INFO 1232 --- [main] w.s.c.ServletWebServerApplicationContext : Root WebApplicationContext: initialization completed in 955 ms
13:25:54:533  INFO 1232 --- [main] o.s.c.openfeign.FeignClientFactoryBean   : For 'item-service' URL not provided. Will try picking an instance via load-balancing.
13:25:58:033  INFO 1232 --- [main] o.s.c.openfeign.FeignClientFactoryBean   : For 'cart-service' URL not provided. Will try picking an instance via load-balancing.
13:26:00:401  INFO 1232 --- [main] o.s.cloud.commons.util.InetUtils         : Cannot determine local hostname
13:26:00:421  INFO 1232 --- [main] pertySourcedRequestMappingHandlerMapping : Mapped URL path [/v2/api-docs] onto method [springfox.documentation.swagger2.web.Swagger2ControllerWebMvc#getDocumentation(String, HttpServletRequest)]
13:26:02:771  INFO 1232 --- [main] o.s.cloud.commons.util.InetUtils         : Cannot determine local hostname
13:26:02:866  INFO 1232 --- [main] com.alibaba.nacos.common.remote.client   : [RpcClientFactory] create a new rpc client of 8ce6cd83-c0ba-4ff0-a20b-0e4fc5d0d28e
13:26:02:888  INFO 1232 --- [main] org.reflections.Reflections              : Reflections took 12 ms to scan 1 urls, producing 3 keys and 6 values 
13:26:02:901  INFO 1232 --- [main] org.reflections.Reflections              : Reflections took 5 ms to scan 1 urls, producing 4 keys and 9 values 
13:26:02:907  INFO 1232 --- [main] org.reflections.Reflections              : Reflections took 4 ms to scan 1 urls, producing 3 keys and 10 values 
13:26:02:908  WARN 1232 --- [main] org.reflections.Reflections              : given scan urls are empty. set urls in the configuration
13:26:02:914  INFO 1232 --- [main] org.reflections.Reflections              : Reflections took 5 ms to scan 1 urls, producing 1 keys and 5 values 
13:26:02:920  INFO 1232 --- [main] org.reflections.Reflections              : Reflections took 5 ms to scan 1 urls, producing 1 keys and 7 values 
13:26:02:926  INFO 1232 --- [main] org.reflections.Reflections              : Reflections took 5 ms to scan 1 urls, producing 2 keys and 8 values 
13:26:02:927  WARN 1232 --- [main] org.reflections.Reflections              : given scan urls are empty. set urls in the configuration
13:26:02:927  INFO 1232 --- [main] com.alibaba.nacos.common.remote.client   : [8ce6cd83-c0ba-4ff0-a20b-0e4fc5d0d28e] RpcClient init label, labels = {module=naming, source=sdk}
13:26:02:928  INFO 1232 --- [main] com.alibaba.nacos.common.remote.client   : [8ce6cd83-c0ba-4ff0-a20b-0e4fc5d0d28e] RpcClient init, ServerListFactory = com.alibaba.nacos.client.naming.core.ServerListManager
13:26:02:928  INFO 1232 --- [main] com.alibaba.nacos.common.remote.client   : [8ce6cd83-c0ba-4ff0-a20b-0e4fc5d0d28e] Registry connection listener to current client:com.alibaba.nacos.client.naming.remote.gprc.redo.NamingGrpcRedoService
13:26:02:929  INFO 1232 --- [main] com.alibaba.nacos.common.remote.client   : [8ce6cd83-c0ba-4ff0-a20b-0e4fc5d0d28e] Register server push request handler:com.alibaba.nacos.client.naming.remote.gprc.NamingPushRequestHandler
13:26:02:930  INFO 1232 --- [main] com.alibaba.nacos.common.remote.client   : [8ce6cd83-c0ba-4ff0-a20b-0e4fc5d0d28e] Try to connect to server on start up, server: {serverIp = '192.168.88.114', server main port = 8848}
13:26:05:880  INFO 1232 --- [main] com.alibaba.nacos.common.remote.client   : [8ce6cd83-c0ba-4ff0-a20b-0e4fc5d0d28e] Success to connect to server [192.168.88.114:8848] on start up, connectionId = 1756531562615_172.17.0.1_50624
13:26:05:881  INFO 1232 --- [com.alibaba.nacos.client.remote.worker] com.alibaba.nacos.common.remote.client   : [8ce6cd83-c0ba-4ff0-a20b-0e4fc5d0d28e] Notify connected event to listeners.
13:26:05:881  INFO 1232 --- [main] com.alibaba.nacos.common.remote.client   : [8ce6cd83-c0ba-4ff0-a20b-0e4fc5d0d28e] Register server push request handler:com.alibaba.nacos.common.remote.client.RpcClient$ConnectResetRequestHandler
13:26:05:882  INFO 1232 --- [main] com.alibaba.nacos.common.remote.client   : [8ce6cd83-c0ba-4ff0-a20b-0e4fc5d0d28e] Register server push request handler:com.alibaba.nacos.common.remote.client.RpcClient$$Lambda$976/0x000000084067c440
13:26:05:923  INFO 1232 --- [main] o.s.b.w.embedded.tomcat.TomcatWebServer  : Tomcat started on port(s): 8085 (http) with context path ''
13:26:05:930  INFO 1232 --- [main] c.a.c.n.registry.NacosServiceRegistry    : nacos registry, DEFAULT_GROUP trade-service 192.168.88.1:8085 register finished
13:26:06:412  INFO 1232 --- [nacos-grpc-client-executor-7] com.alibaba.nacos.common.remote.client   : [8ce6cd83-c0ba-4ff0-a20b-0e4fc5d0d28e] Receive server push request, request = NotifySubscriberRequest, requestId = 26
13:26:06:414  INFO 1232 --- [nacos-grpc-client-executor-7] com.alibaba.nacos.common.remote.client   : [8ce6cd83-c0ba-4ff0-a20b-0e4fc5d0d28e] Ack server push request, request = NotifySubscriberRequest, requestId = 26
13:26:08:192  INFO 1232 --- [main] o.s.cloud.commons.util.InetUtils         : Cannot determine local hostname
13:26:08:192  INFO 1232 --- [main] d.s.w.p.DocumentationPluginsBootstrapper : Documentation plugins bootstrapped
13:26:08:195  INFO 1232 --- [main] d.s.w.p.DocumentationPluginsBootstrapper : Found 1 custom documentation plugin(s)
13:26:08:205  INFO 1232 --- [main] s.d.s.w.s.ApiListingReferenceScanner     : Scanning for api listing references
13:26:08:247  INFO 1232 --- [main] com.hmall.trade.TradeApplication         : Started TradeApplication in 17.837 seconds (JVM running for 18.973)
13:28:58:798  INFO 1232 --- [http-nio-8085-exec-1] o.a.c.c.C.[Tomcat].[localhost].[/]       : Initializing Spring DispatcherServlet 'dispatcherServlet'
13:28:58:798  INFO 1232 --- [http-nio-8085-exec-1] o.s.web.servlet.DispatcherServlet        : Initializing Servlet 'dispatcherServlet'
13:28:58:801  INFO 1232 --- [http-nio-8085-exec-1] o.s.web.servlet.DispatcherServlet        : Completed initialization in 2 ms
13:28:58:853  INFO 1232 --- [http-nio-8085-exec-1] com.zaxxer.hikari.HikariDataSource       : HikariPool-1 - Starting...
13:28:59:104  INFO 1232 --- [http-nio-8085-exec-1] com.zaxxer.hikari.HikariDataSource       : HikariPool-1 - Start completed.
13:28:59:110 DEBUG 1232 --- [http-nio-8085-exec-1] c.h.trade.mapper.OrderMapper.selectById  : ==>  Preparing: SELECT id,total_fee,payment_type,user_id,status,create_time,pay_time,consign_time,end_time,close_time,comment_time,update_time FROM `order` WHERE id=?
13:28:59:122 DEBUG 1232 --- [http-nio-8085-exec-1] c.h.trade.mapper.OrderMapper.selectById  : ==> Parameters: 1654779387523936258(Long)
13:28:59:139 DEBUG 1232 --- [http-nio-8085-exec-1] c.h.trade.mapper.OrderMapper.selectById  : <==      Total: 1
13:30:42:520  WARN 1232 --- [Thread-4] c.a.nacos.common.notify.NotifyCenter     : [NotifyCenter] Start destroying Publisher
13:30:42:520  WARN 1232 --- [Thread-4] c.a.nacos.common.notify.NotifyCenter     : [NotifyCenter] Destruction of the end
13:30:42:520  WARN 1232 --- [Thread-7] c.a.n.common.http.HttpClientBeanHolder   : [HttpClientBeanHolder] Start destroying common HttpClient
13:30:42:521  WARN 1232 --- [Thread-7] c.a.n.common.http.HttpClientBeanHolder   : [HttpClientBeanHolder] Destruction of the end
13:30:43:769  INFO 1232 --- [SpringApplicationShutdownHook] c.a.c.n.registry.NacosServiceRegistry    : De-registering from Nacos Server now...
13:30:43:772  INFO 1232 --- [SpringApplicationShutdownHook] c.a.c.n.registry.NacosServiceRegistry    : De-registration finished.
13:30:44:100  INFO 1232 --- [SpringApplicationShutdownHook] com.alibaba.nacos.common.remote.client   : Shutdown rpc client, set status to shutdown
13:30:44:100  INFO 1232 --- [SpringApplicationShutdownHook] com.alibaba.nacos.common.remote.client   : Shutdown client event executor java.util.concurrent.ScheduledThreadPoolExecutor@18e271e6[Running, pool size = 2, active threads = 2, queued tasks = 0, completed tasks = 0]
13:30:44:100  INFO 1232 --- [SpringApplicationShutdownHook] com.alibaba.nacos.common.remote.client   : Close current connection 1756531562615_172.17.0.1_50624
13:30:44:102  INFO 1232 --- [nacos-grpc-client-executor-70] c.a.n.c.remote.client.grpc.GrpcClient    : [1756531562615_172.17.0.1_50624]Ignore complete event,isRunning:false,isAbandon=false
13:30:44:104  INFO 1232 --- [SpringApplicationShutdownHook] c.a.n.c.remote.client.grpc.GrpcClient    : Shutdown grpc executor java.util.concurrent.ThreadPoolExecutor@5af0cd30[Running, pool size = 5, active threads = 0, queued tasks = 0, completed tasks = 71]
13:30:44:106  INFO 1232 --- [SpringApplicationShutdownHook] com.zaxxer.hikari.HikariDataSource       : HikariPool-1 - Shutdown initiated...
13:30:44:112  INFO 1232 --- [SpringApplicationShutdownHook] com.zaxxer.hikari.HikariDataSource       : HikariPool-1 - Shutdown completed.
21:31:20:411  INFO 30112 --- [main] com.hmall.trade.TradeApplication         : Starting TradeApplication using Java 11.0.5 on DESKTOP-DU835P0 with PID 30112 (D:\JavaProject\hmall\trade-service\target\classes started by ASUS in D:\JavaProject\hmall)
21:31:20:414 DEBUG 30112 --- [main] com.hmall.trade.TradeApplication         : Running with Spring Boot v2.7.12, Spring v5.3.27
21:31:20:415  INFO 30112 --- [main] com.hmall.trade.TradeApplication         : The following 1 profile is active: "local"
21:31:21:035  INFO 30112 --- [main] o.s.cloud.context.scope.GenericScope     : BeanFactory id=33f68efe-c945-3cfa-bcee-e311426855ca
21:31:21:230  INFO 30112 --- [main] o.s.b.w.embedded.tomcat.TomcatWebServer  : Tomcat initialized with port(s): 8085 (http)
21:31:21:231  INFO 30112 --- [main] o.a.catalina.core.AprLifecycleListener   : Loaded Apache Tomcat Native library [1.2.39] using APR version [1.7.4].
21:31:21:231  INFO 30112 --- [main] o.a.catalina.core.AprLifecycleListener   : APR capabilities: IPv6 [true], sendfile [true], accept filters [false], random [true], UDS [true].
21:31:21:231  INFO 30112 --- [main] o.a.catalina.core.AprLifecycleListener   : APR/OpenSSL configuration: useAprConnector [false], useOpenSSL [true]
21:31:21:235  INFO 30112 --- [main] o.a.catalina.core.AprLifecycleListener   : OpenSSL successfully initialized [OpenSSL 3.0.11 19 Sep 2023]
21:31:21:239  INFO 30112 --- [main] o.apache.catalina.core.StandardService   : Starting service [Tomcat]
21:31:21:239  INFO 30112 --- [main] org.apache.catalina.core.StandardEngine  : Starting Servlet engine: [Apache Tomcat/9.0.75]
21:31:21:533  INFO 30112 --- [main] o.a.c.c.C.[Tomcat].[localhost].[/]       : Initializing Spring embedded WebApplicationContext
21:31:21:533  INFO 30112 --- [main] w.s.c.ServletWebServerApplicationContext : Root WebApplicationContext: initialization completed in 1087 ms
21:31:21:662  INFO 30112 --- [main] o.s.c.openfeign.FeignClientFactoryBean   : For 'item-service' URL not provided. Will try picking an instance via load-balancing.
21:31:27:006  INFO 30112 --- [main] o.s.c.openfeign.FeignClientFactoryBean   : For 'cart-service' URL not provided. Will try picking an instance via load-balancing.
21:31:30:976  INFO 30112 --- [main] o.s.cloud.commons.util.InetUtils         : Cannot determine local hostname
21:31:30:995  INFO 30112 --- [main] pertySourcedRequestMappingHandlerMapping : Mapped URL path [/v2/api-docs] onto method [springfox.documentation.swagger2.web.Swagger2ControllerWebMvc#getDocumentation(String, HttpServletRequest)]
21:31:34:513  INFO 30112 --- [main] o.s.cloud.commons.util.InetUtils         : Cannot determine local hostname
21:31:34:608  INFO 30112 --- [main] com.alibaba.nacos.common.remote.client   : [RpcClientFactory] create a new rpc client of 27c8019e-5b8e-4dbb-a25a-f53d10b01db8
21:31:34:657  INFO 30112 --- [main] org.reflections.Reflections              : Reflections took 38 ms to scan 1 urls, producing 3 keys and 6 values 
21:31:34:677  INFO 30112 --- [main] org.reflections.Reflections              : Reflections took 6 ms to scan 1 urls, producing 4 keys and 9 values 
21:31:34:684  INFO 30112 --- [main] org.reflections.Reflections              : Reflections took 4 ms to scan 1 urls, producing 3 keys and 10 values 
21:31:34:686  WARN 30112 --- [main] org.reflections.Reflections              : given scan urls are empty. set urls in the configuration
21:31:34:690  INFO 30112 --- [main] org.reflections.Reflections              : Reflections took 4 ms to scan 1 urls, producing 1 keys and 5 values 
21:31:34:696  INFO 30112 --- [main] org.reflections.Reflections              : Reflections took 5 ms to scan 1 urls, producing 1 keys and 7 values 
21:31:34:702  INFO 30112 --- [main] org.reflections.Reflections              : Reflections took 5 ms to scan 1 urls, producing 2 keys and 8 values 
21:31:34:703  WARN 30112 --- [main] org.reflections.Reflections              : given scan urls are empty. set urls in the configuration
21:31:34:704  INFO 30112 --- [main] com.alibaba.nacos.common.remote.client   : [27c8019e-5b8e-4dbb-a25a-f53d10b01db8] RpcClient init label, labels = {module=naming, source=sdk}
21:31:34:705  INFO 30112 --- [main] com.alibaba.nacos.common.remote.client   : [27c8019e-5b8e-4dbb-a25a-f53d10b01db8] RpcClient init, ServerListFactory = com.alibaba.nacos.client.naming.core.ServerListManager
21:31:34:705  INFO 30112 --- [main] com.alibaba.nacos.common.remote.client   : [27c8019e-5b8e-4dbb-a25a-f53d10b01db8] Registry connection listener to current client:com.alibaba.nacos.client.naming.remote.gprc.redo.NamingGrpcRedoService
21:31:34:705  INFO 30112 --- [main] com.alibaba.nacos.common.remote.client   : [27c8019e-5b8e-4dbb-a25a-f53d10b01db8] Register server push request handler:com.alibaba.nacos.client.naming.remote.gprc.NamingPushRequestHandler
21:31:34:706  INFO 30112 --- [main] com.alibaba.nacos.common.remote.client   : [27c8019e-5b8e-4dbb-a25a-f53d10b01db8] Try to connect to server on start up, server: {serverIp = '192.168.88.114', server main port = 8848}
21:31:42:078  INFO 30112 --- [main] com.alibaba.nacos.common.remote.client   : [27c8019e-5b8e-4dbb-a25a-f53d10b01db8] Success to connect to server [192.168.88.114:8848] on start up, connectionId = 1756560698721_172.17.0.1_33664
21:31:42:078  INFO 30112 --- [com.alibaba.nacos.client.remote.worker] com.alibaba.nacos.common.remote.client   : [27c8019e-5b8e-4dbb-a25a-f53d10b01db8] Notify connected event to listeners.
21:31:42:079  INFO 30112 --- [main] com.alibaba.nacos.common.remote.client   : [27c8019e-5b8e-4dbb-a25a-f53d10b01db8] Register server push request handler:com.alibaba.nacos.common.remote.client.RpcClient$ConnectResetRequestHandler
21:31:42:079  INFO 30112 --- [main] com.alibaba.nacos.common.remote.client   : [27c8019e-5b8e-4dbb-a25a-f53d10b01db8] Register server push request handler:com.alibaba.nacos.common.remote.client.RpcClient$$Lambda$976/0x0000000840673c40
21:31:42:118  INFO 30112 --- [main] o.s.b.w.embedded.tomcat.TomcatWebServer  : Tomcat started on port(s): 8085 (http) with context path ''
21:31:42:126  INFO 30112 --- [main] c.a.c.n.registry.NacosServiceRegistry    : nacos registry, DEFAULT_GROUP trade-service 192.168.88.1:8085 register finished
21:31:42:609  INFO 30112 --- [nacos-grpc-client-executor-8] com.alibaba.nacos.common.remote.client   : [27c8019e-5b8e-4dbb-a25a-f53d10b01db8] Receive server push request, request = NotifySubscriberRequest, requestId = 8
21:31:42:611  INFO 30112 --- [nacos-grpc-client-executor-8] com.alibaba.nacos.common.remote.client   : [27c8019e-5b8e-4dbb-a25a-f53d10b01db8] Ack server push request, request = NotifySubscriberRequest, requestId = 8
21:31:44:539  INFO 30112 --- [main] o.s.cloud.commons.util.InetUtils         : Cannot determine local hostname
21:31:44:540  INFO 30112 --- [main] d.s.w.p.DocumentationPluginsBootstrapper : Documentation plugins bootstrapped
21:31:44:543  INFO 30112 --- [main] d.s.w.p.DocumentationPluginsBootstrapper : Found 1 custom documentation plugin(s)
21:31:44:554  INFO 30112 --- [main] s.d.s.w.s.ApiListingReferenceScanner     : Scanning for api listing references
21:31:44:603  INFO 30112 --- [main] com.hmall.trade.TradeApplication         : Started TradeApplication in 28.819 seconds (JVM running for 30.614)
22:49:54:950  WARN 30112 --- [Thread-7] c.a.n.common.http.HttpClientBeanHolder   : [HttpClientBeanHolder] Start destroying common HttpClient
22:49:54:949  WARN 30112 --- [Thread-4] c.a.nacos.common.notify.NotifyCenter     : [NotifyCenter] Start destroying Publisher
22:49:54:957  WARN 30112 --- [Thread-4] c.a.nacos.common.notify.NotifyCenter     : [NotifyCenter] Destruction of the end
22:49:54:959  WARN 30112 --- [Thread-7] c.a.n.common.http.HttpClientBeanHolder   : [HttpClientBeanHolder] Destruction of the end
22:49:56:233  INFO 30112 --- [SpringApplicationShutdownHook] c.a.c.n.registry.NacosServiceRegistry    : De-registering from Nacos Server now...
22:49:56:237  INFO 30112 --- [SpringApplicationShutdownHook] c.a.c.n.registry.NacosServiceRegistry    : De-registration finished.
22:49:56:566  INFO 30112 --- [SpringApplicationShutdownHook] com.alibaba.nacos.common.remote.client   : Shutdown rpc client, set status to shutdown
22:49:56:566  INFO 30112 --- [SpringApplicationShutdownHook] com.alibaba.nacos.common.remote.client   : Shutdown client event executor java.util.concurrent.ScheduledThreadPoolExecutor@74bd178e[Running, pool size = 2, active threads = 2, queued tasks = 0, completed tasks = 0]
22:49:56:566  INFO 30112 --- [SpringApplicationShutdownHook] com.alibaba.nacos.common.remote.client   : Close current connection 1756560698721_172.17.0.1_33664
22:49:56:569  INFO 30112 --- [nacos-grpc-client-executor-996] c.a.n.c.remote.client.grpc.GrpcClient    : [1756560698721_172.17.0.1_33664]Ignore complete event,isRunning:false,isAbandon=false
22:49:56:572  INFO 30112 --- [SpringApplicationShutdownHook] c.a.n.c.remote.client.grpc.GrpcClient    : Shutdown grpc executor java.util.concurrent.ThreadPoolExecutor@75f49a57[Running, pool size = 5, active threads = 0, queued tasks = 0, completed tasks = 997]
22:50:20:836  INFO 32276 --- [main] com.hmall.trade.TradeApplication         : Starting TradeApplication using Java 11.0.5 on DESKTOP-DU835P0 with PID 32276 (D:\JavaProject\hmall\trade-service\target\classes started by ASUS in D:\JavaProject\hmall)
22:50:20:837 DEBUG 32276 --- [main] com.hmall.trade.TradeApplication         : Running with Spring Boot v2.7.12, Spring v5.3.27
22:50:20:837  INFO 32276 --- [main] com.hmall.trade.TradeApplication         : The following 1 profile is active: "local"
22:50:21:541  INFO 32276 --- [main] o.s.cloud.context.scope.GenericScope     : BeanFactory id=083f2a09-9ea1-3dd6-8ad5-a2f1fcd328f7
22:50:21:754  INFO 32276 --- [main] o.s.b.w.embedded.tomcat.TomcatWebServer  : Tomcat initialized with port(s): 8085 (http)
22:50:21:755  INFO 32276 --- [main] o.a.catalina.core.AprLifecycleListener   : Loaded Apache Tomcat Native library [1.2.39] using APR version [1.7.4].
22:50:21:755  INFO 32276 --- [main] o.a.catalina.core.AprLifecycleListener   : APR capabilities: IPv6 [true], sendfile [true], accept filters [false], random [true], UDS [true].
22:50:21:755  INFO 32276 --- [main] o.a.catalina.core.AprLifecycleListener   : APR/OpenSSL configuration: useAprConnector [false], useOpenSSL [true]
22:50:21:762  INFO 32276 --- [main] o.a.catalina.core.AprLifecycleListener   : OpenSSL successfully initialized [OpenSSL 3.0.11 19 Sep 2023]
22:50:21:767  INFO 32276 --- [main] o.apache.catalina.core.StandardService   : Starting service [Tomcat]
22:50:21:768  INFO 32276 --- [main] org.apache.catalina.core.StandardEngine  : Starting Servlet engine: [Apache Tomcat/9.0.75]
22:50:22:057  INFO 32276 --- [main] o.a.c.c.C.[Tomcat].[localhost].[/]       : Initializing Spring embedded WebApplicationContext
22:50:22:057  INFO 32276 --- [main] w.s.c.ServletWebServerApplicationContext : Root WebApplicationContext: initialization completed in 1185 ms
22:50:22:195  INFO 32276 --- [main] o.s.c.openfeign.FeignClientFactoryBean   : For 'item-service' URL not provided. Will try picking an instance via load-balancing.
22:50:27:492  INFO 32276 --- [main] o.s.c.openfeign.FeignClientFactoryBean   : For 'cart-service' URL not provided. Will try picking an instance via load-balancing.
22:50:31:312  INFO 32276 --- [main] o.s.cloud.commons.util.InetUtils         : Cannot determine local hostname
22:50:31:329  INFO 32276 --- [main] pertySourcedRequestMappingHandlerMapping : Mapped URL path [/v2/api-docs] onto method [springfox.documentation.swagger2.web.Swagger2ControllerWebMvc#getDocumentation(String, HttpServletRequest)]
22:50:34:548  INFO 32276 --- [main] o.s.cloud.commons.util.InetUtils         : Cannot determine local hostname
22:50:34:641  INFO 32276 --- [main] com.alibaba.nacos.common.remote.client   : [RpcClientFactory] create a new rpc client of 9556b38c-4bed-4133-9299-b8a2c4f90be5
22:50:34:662  INFO 32276 --- [main] org.reflections.Reflections              : Reflections took 11 ms to scan 1 urls, producing 3 keys and 6 values 
22:50:34:675  INFO 32276 --- [main] org.reflections.Reflections              : Reflections took 5 ms to scan 1 urls, producing 4 keys and 9 values 
22:50:34:681  INFO 32276 --- [main] org.reflections.Reflections              : Reflections took 5 ms to scan 1 urls, producing 3 keys and 10 values 
22:50:34:682  WARN 32276 --- [main] org.reflections.Reflections              : given scan urls are empty. set urls in the configuration
22:50:34:687  INFO 32276 --- [main] org.reflections.Reflections              : Reflections took 4 ms to scan 1 urls, producing 1 keys and 5 values 
22:50:34:693  INFO 32276 --- [main] org.reflections.Reflections              : Reflections took 4 ms to scan 1 urls, producing 1 keys and 7 values 
22:50:34:699  INFO 32276 --- [main] org.reflections.Reflections              : Reflections took 5 ms to scan 1 urls, producing 2 keys and 8 values 
22:50:34:700  WARN 32276 --- [main] org.reflections.Reflections              : given scan urls are empty. set urls in the configuration
22:50:34:701  INFO 32276 --- [main] com.alibaba.nacos.common.remote.client   : [9556b38c-4bed-4133-9299-b8a2c4f90be5] RpcClient init label, labels = {module=naming, source=sdk}
22:50:34:702  INFO 32276 --- [main] com.alibaba.nacos.common.remote.client   : [9556b38c-4bed-4133-9299-b8a2c4f90be5] RpcClient init, ServerListFactory = com.alibaba.nacos.client.naming.core.ServerListManager
22:50:34:702  INFO 32276 --- [main] com.alibaba.nacos.common.remote.client   : [9556b38c-4bed-4133-9299-b8a2c4f90be5] Registry connection listener to current client:com.alibaba.nacos.client.naming.remote.gprc.redo.NamingGrpcRedoService
22:50:34:702  INFO 32276 --- [main] com.alibaba.nacos.common.remote.client   : [9556b38c-4bed-4133-9299-b8a2c4f90be5] Register server push request handler:com.alibaba.nacos.client.naming.remote.gprc.NamingPushRequestHandler
22:50:34:703  INFO 32276 --- [main] com.alibaba.nacos.common.remote.client   : [9556b38c-4bed-4133-9299-b8a2c4f90be5] Try to connect to server on start up, server: {serverIp = '192.168.88.114', server main port = 8848}
22:50:39:014  INFO 32276 --- [main] com.alibaba.nacos.common.remote.client   : [9556b38c-4bed-4133-9299-b8a2c4f90be5] Success to connect to server [192.168.88.114:8848] on start up, connectionId = 1756565435666_172.17.0.1_33900
22:50:39:014  INFO 32276 --- [com.alibaba.nacos.client.remote.worker] com.alibaba.nacos.common.remote.client   : [9556b38c-4bed-4133-9299-b8a2c4f90be5] Notify connected event to listeners.
22:50:39:015  INFO 32276 --- [main] com.alibaba.nacos.common.remote.client   : [9556b38c-4bed-4133-9299-b8a2c4f90be5] Register server push request handler:com.alibaba.nacos.common.remote.client.RpcClient$ConnectResetRequestHandler
22:50:39:015  INFO 32276 --- [main] com.alibaba.nacos.common.remote.client   : [9556b38c-4bed-4133-9299-b8a2c4f90be5] Register server push request handler:com.alibaba.nacos.common.remote.client.RpcClient$$Lambda$976/0x0000000840673c40
22:50:39:054  INFO 32276 --- [main] o.s.b.w.embedded.tomcat.TomcatWebServer  : Tomcat started on port(s): 8085 (http) with context path ''
22:50:39:061  INFO 32276 --- [main] c.a.c.n.registry.NacosServiceRegistry    : nacos registry, DEFAULT_GROUP trade-service 192.168.88.1:8085 register finished
22:50:39:571  INFO 32276 --- [nacos-grpc-client-executor-7] com.alibaba.nacos.common.remote.client   : [9556b38c-4bed-4133-9299-b8a2c4f90be5] Receive server push request, request = NotifySubscriberRequest, requestId = 35
22:50:39:575  INFO 32276 --- [nacos-grpc-client-executor-7] com.alibaba.nacos.common.remote.client   : [9556b38c-4bed-4133-9299-b8a2c4f90be5] Ack server push request, request = NotifySubscriberRequest, requestId = 35
22:50:41:983  INFO 32276 --- [main] o.s.cloud.commons.util.InetUtils         : Cannot determine local hostname
22:50:41:983  INFO 32276 --- [main] d.s.w.p.DocumentationPluginsBootstrapper : Documentation plugins bootstrapped
22:50:41:985  INFO 32276 --- [main] d.s.w.p.DocumentationPluginsBootstrapper : Found 1 custom documentation plugin(s)
22:50:41:997  INFO 32276 --- [main] s.d.s.w.s.ApiListingReferenceScanner     : Scanning for api listing references
22:50:42:043  INFO 32276 --- [main] com.hmall.trade.TradeApplication         : Started TradeApplication in 27.235 seconds (JVM running for 28.918)
22:52:05:038  INFO 32276 --- [http-nio-8085-exec-1] o.a.c.c.C.[Tomcat].[localhost].[/]       : Initializing Spring DispatcherServlet 'dispatcherServlet'
22:52:05:038  INFO 32276 --- [http-nio-8085-exec-1] o.s.web.servlet.DispatcherServlet        : Initializing Servlet 'dispatcherServlet'
22:52:05:041  INFO 32276 --- [http-nio-8085-exec-1] o.s.web.servlet.DispatcherServlet        : Completed initialization in 2 ms
22:52:05:091  INFO 32276 --- [http-nio-8085-exec-1] com.zaxxer.hikari.HikariDataSource       : HikariPool-1 - Starting...
22:52:05:360  INFO 32276 --- [http-nio-8085-exec-1] com.zaxxer.hikari.HikariDataSource       : HikariPool-1 - Start completed.
22:52:05:375 DEBUG 32276 --- [http-nio-8085-exec-1] com.hmall.api.client.ItemClient          : [ItemClient#queryItemByIds] ---> GET http://item-service/items?ids=2120808 HTTP/1.1
22:52:05:375 DEBUG 32276 --- [http-nio-8085-exec-1] com.hmall.api.client.ItemClient          : [ItemClient#queryItemByIds] user-info: 1
22:52:05:375 DEBUG 32276 --- [http-nio-8085-exec-1] com.hmall.api.client.ItemClient          : [ItemClient#queryItemByIds] ---> END HTTP (0-byte body)
22:52:05:494 DEBUG 32276 --- [http-nio-8085-exec-1] com.hmall.api.client.ItemClient          : [ItemClient#queryItemByIds] <--- HTTP/1.1 200 (118ms)
22:52:05:494 DEBUG 32276 --- [http-nio-8085-exec-1] com.hmall.api.client.ItemClient          : [ItemClient#queryItemByIds] connection: keep-alive
22:52:05:494 DEBUG 32276 --- [http-nio-8085-exec-1] com.hmall.api.client.ItemClient          : [ItemClient#queryItemByIds] content-type: application/json
22:52:05:494 DEBUG 32276 --- [http-nio-8085-exec-1] com.hmall.api.client.ItemClient          : [ItemClient#queryItemByIds] date: Sat, 30 Aug 2025 14:52:05 GMT
22:52:05:494 DEBUG 32276 --- [http-nio-8085-exec-1] com.hmall.api.client.ItemClient          : [ItemClient#queryItemByIds] keep-alive: timeout=60
22:52:05:494 DEBUG 32276 --- [http-nio-8085-exec-1] com.hmall.api.client.ItemClient          : [ItemClient#queryItemByIds] transfer-encoding: chunked
22:52:05:494 DEBUG 32276 --- [http-nio-8085-exec-1] com.hmall.api.client.ItemClient          : [ItemClient#queryItemByIds] 
22:52:05:495 DEBUG 32276 --- [http-nio-8085-exec-1] com.hmall.api.client.ItemClient          : [ItemClient#queryItemByIds] [{"id":"2120808","name":"姬龙雪 guy laroche女包 GL经典手提包女牛皮大容量单肩包女欧美时尚包包女包GS1210001-06杏色","price":71800,"stock":1,"image":"https://m.360buyimg.com/mobilecms/s720x720_jfs/t30694/267/398774087/90954/6fc143cf/5bf25358N14dadbf7.jpg!q70.jpg.webp","category":"真皮包","brand":"姬龙雪","spec":"{}","sold":0,"commentCount":0,"isAD":false,"status":1}]
22:52:05:495 DEBUG 32276 --- [http-nio-8085-exec-1] com.hmall.api.client.ItemClient          : [ItemClient#queryItemByIds] <--- END HTTP (402-byte body)
22:52:05:538 DEBUG 32276 --- [http-nio-8085-exec-1] c.hmall.trade.mapper.OrderMapper.insert  : ==>  Preparing: INSERT INTO `order` ( id, total_fee, payment_type, user_id, status ) VALUES ( ?, ?, ?, ?, ? )
22:52:05:559 DEBUG 32276 --- [http-nio-8085-exec-1] c.hmall.trade.mapper.OrderMapper.insert  : ==> Parameters: 1961804120453029890(Long), 71800(Integer), 3(Integer), 1(Long), 1(Integer)
22:52:05:579 DEBUG 32276 --- [http-nio-8085-exec-1] c.hmall.trade.mapper.OrderMapper.insert  : <==    Updates: 1
22:52:05:588 DEBUG 32276 --- [http-nio-8085-exec-1] c.h.t.mapper.OrderDetailMapper.insert    : ==>  Preparing: INSERT INTO order_detail ( order_id, item_id, num, name, spec, price, image ) VALUES ( ?, ?, ?, ?, ?, ?, ? )
22:52:05:589 DEBUG 32276 --- [http-nio-8085-exec-1] c.h.t.mapper.OrderDetailMapper.insert    : ==> Parameters: 1961804120453029890(Long), 2120808(Long), 1(Integer), 姬龙雪 guy laroche女包 GL经典手提包女牛皮大容量单肩包女欧美时尚包包女包GS1210001-06杏色(String), {}(String), 71800(Integer), https://m.360buyimg.com/mobilecms/s720x720_jfs/t30694/267/398774087/90954/6fc143cf/5bf25358N14dadbf7.jpg!q70.jpg.webp(String)
22:52:05:658 DEBUG 32276 --- [http-nio-8085-exec-1] com.hmall.api.client.CartClient          : [CartClient#deleteCartItemByIds] ---> DELETE http://cart-service/carts?ids=2120808 HTTP/1.1
22:52:05:659 DEBUG 32276 --- [http-nio-8085-exec-1] com.hmall.api.client.CartClient          : [CartClient#deleteCartItemByIds] user-info: 1
22:52:05:659 DEBUG 32276 --- [http-nio-8085-exec-1] com.hmall.api.client.CartClient          : [CartClient#deleteCartItemByIds] ---> END HTTP (0-byte body)
22:52:05:708 DEBUG 32276 --- [http-nio-8085-exec-1] com.hmall.api.client.CartClient          : [CartClient#deleteCartItemByIds] <--- HTTP/1.1 200 (49ms)
22:52:05:709 DEBUG 32276 --- [http-nio-8085-exec-1] com.hmall.api.client.CartClient          : [CartClient#deleteCartItemByIds] connection: keep-alive
22:52:05:709 DEBUG 32276 --- [http-nio-8085-exec-1] com.hmall.api.client.CartClient          : [CartClient#deleteCartItemByIds] content-length: 0
22:52:05:709 DEBUG 32276 --- [http-nio-8085-exec-1] com.hmall.api.client.CartClient          : [CartClient#deleteCartItemByIds] date: Sat, 30 Aug 2025 14:52:05 GMT
22:52:05:709 DEBUG 32276 --- [http-nio-8085-exec-1] com.hmall.api.client.CartClient          : [CartClient#deleteCartItemByIds] keep-alive: timeout=60
22:52:05:709 DEBUG 32276 --- [http-nio-8085-exec-1] com.hmall.api.client.CartClient          : [CartClient#deleteCartItemByIds] 
22:52:05:709 DEBUG 32276 --- [http-nio-8085-exec-1] com.hmall.api.client.CartClient          : [CartClient#deleteCartItemByIds] <--- END HTTP (0-byte body)
22:52:05:718 DEBUG 32276 --- [http-nio-8085-exec-1] com.hmall.api.client.ItemClient          : [ItemClient#deductStock] ---> PUT http://item-service/items/stock/deduct HTTP/1.1
22:52:05:719 DEBUG 32276 --- [http-nio-8085-exec-1] com.hmall.api.client.ItemClient          : [ItemClient#deductStock] Content-Length: 30
22:52:05:719 DEBUG 32276 --- [http-nio-8085-exec-1] com.hmall.api.client.ItemClient          : [ItemClient#deductStock] Content-Type: application/json
22:52:05:719 DEBUG 32276 --- [http-nio-8085-exec-1] com.hmall.api.client.ItemClient          : [ItemClient#deductStock] user-info: 1
22:52:05:719 DEBUG 32276 --- [http-nio-8085-exec-1] com.hmall.api.client.ItemClient          : [ItemClient#deductStock] 
22:52:05:719 DEBUG 32276 --- [http-nio-8085-exec-1] com.hmall.api.client.ItemClient          : [ItemClient#deductStock] [{"itemId":"2120808","num":1}]
22:52:05:719 DEBUG 32276 --- [http-nio-8085-exec-1] com.hmall.api.client.ItemClient          : [ItemClient#deductStock] ---> END HTTP (30-byte body)
22:52:05:739 DEBUG 32276 --- [http-nio-8085-exec-1] com.hmall.api.client.ItemClient          : [ItemClient#deductStock] <--- HTTP/1.1 200 (19ms)
22:52:05:739 DEBUG 32276 --- [http-nio-8085-exec-1] com.hmall.api.client.ItemClient          : [ItemClient#deductStock] connection: keep-alive
22:52:05:739 DEBUG 32276 --- [http-nio-8085-exec-1] com.hmall.api.client.ItemClient          : [ItemClient#deductStock] content-length: 0
22:52:05:739 DEBUG 32276 --- [http-nio-8085-exec-1] com.hmall.api.client.ItemClient          : [ItemClient#deductStock] date: Sat, 30 Aug 2025 14:52:05 GMT
22:52:05:739 DEBUG 32276 --- [http-nio-8085-exec-1] com.hmall.api.client.ItemClient          : [ItemClient#deductStock] keep-alive: timeout=60
22:52:05:739 DEBUG 32276 --- [http-nio-8085-exec-1] com.hmall.api.client.ItemClient          : [ItemClient#deductStock] 
22:52:05:739 DEBUG 32276 --- [http-nio-8085-exec-1] com.hmall.api.client.ItemClient          : [ItemClient#deductStock] <--- END HTTP (0-byte body)
22:52:05:805 DEBUG 32276 --- [http-nio-8085-exec-4] c.h.trade.mapper.OrderMapper.selectById  : ==>  Preparing: SELECT id,total_fee,payment_type,user_id,status,create_time,pay_time,consign_time,end_time,close_time,comment_time,update_time FROM `order` WHERE id=?
22:52:05:805 DEBUG 32276 --- [http-nio-8085-exec-4] c.h.trade.mapper.OrderMapper.selectById  : ==> Parameters: 1961804120453029890(Long)
22:52:05:818 DEBUG 32276 --- [http-nio-8085-exec-4] c.h.trade.mapper.OrderMapper.selectById  : <==      Total: 1
22:52:05:976  INFO 32276 --- [nacos-grpc-client-executor-28] com.alibaba.nacos.common.remote.client   : [9556b38c-4bed-4133-9299-b8a2c4f90be5] Receive server push request, request = NotifySubscriberRequest, requestId = 42
22:52:05:977  INFO 32276 --- [nacos-grpc-client-executor-28] com.alibaba.nacos.common.remote.client   : [9556b38c-4bed-4133-9299-b8a2c4f90be5] Ack server push request, request = NotifySubscriberRequest, requestId = 42
22:52:06:182  INFO 32276 --- [nacos-grpc-client-executor-29] com.alibaba.nacos.common.remote.client   : [9556b38c-4bed-4133-9299-b8a2c4f90be5] Receive server push request, request = NotifySubscriberRequest, requestId = 43
22:52:06:183  INFO 32276 --- [nacos-grpc-client-executor-29] com.alibaba.nacos.common.remote.client   : [9556b38c-4bed-4133-9299-b8a2c4f90be5] Ack server push request, request = NotifySubscriberRequest, requestId = 43
22:58:47:157  WARN 32276 --- [Thread-7] c.a.n.common.http.HttpClientBeanHolder   : [HttpClientBeanHolder] Start destroying common HttpClient
22:58:47:157  WARN 32276 --- [Thread-4] c.a.nacos.common.notify.NotifyCenter     : [NotifyCenter] Start destroying Publisher
22:58:47:158  WARN 32276 --- [Thread-4] c.a.nacos.common.notify.NotifyCenter     : [NotifyCenter] Destruction of the end
22:58:47:160  WARN 32276 --- [Thread-7] c.a.n.common.http.HttpClientBeanHolder   : [HttpClientBeanHolder] Destruction of the end
22:58:48:216  INFO 32276 --- [SpringApplicationShutdownHook] c.a.c.n.registry.NacosServiceRegistry    : De-registering from Nacos Server now...
22:58:48:228  INFO 32276 --- [SpringApplicationShutdownHook] c.a.c.n.registry.NacosServiceRegistry    : De-registration finished.
22:58:48:549  INFO 32276 --- [nacos-grpc-client-executor-132] com.alibaba.nacos.common.remote.client   : [9556b38c-4bed-4133-9299-b8a2c4f90be5] Receive server push request, request = NotifySubscriberRequest, requestId = 45
22:58:48:550  INFO 32276 --- [nacos-grpc-client-executor-132] com.alibaba.nacos.common.remote.client   : [9556b38c-4bed-4133-9299-b8a2c4f90be5] Ack server push request, request = NotifySubscriberRequest, requestId = 45
22:58:48:560  INFO 32276 --- [SpringApplicationShutdownHook] com.alibaba.nacos.common.remote.client   : Shutdown rpc client, set status to shutdown
22:58:48:560  INFO 32276 --- [SpringApplicationShutdownHook] com.alibaba.nacos.common.remote.client   : Shutdown client event executor java.util.concurrent.ScheduledThreadPoolExecutor@4b33f3e8[Running, pool size = 2, active threads = 2, queued tasks = 0, completed tasks = 0]
22:58:48:561  INFO 32276 --- [SpringApplicationShutdownHook] com.alibaba.nacos.common.remote.client   : Close current connection 1756565435666_172.17.0.1_33900
22:58:48:565  INFO 32276 --- [SpringApplicationShutdownHook] c.a.n.c.remote.client.grpc.GrpcClient    : Shutdown grpc executor java.util.concurrent.ThreadPoolExecutor@277f8f2[Running, pool size = 5, active threads = 0, queued tasks = 0, completed tasks = 133]
22:58:48:568  INFO 32276 --- [SpringApplicationShutdownHook] com.zaxxer.hikari.HikariDataSource       : HikariPool-1 - Shutdown initiated...
22:58:48:579  INFO 32276 --- [SpringApplicationShutdownHook] com.zaxxer.hikari.HikariDataSource       : HikariPool-1 - Shutdown completed.
